   '--------------------------------------------------------------                           
'Input File for simple Rietveld Refinement                           
'Replace any $, # or text after ---> as needed                           
'Use Ta-> button to save/send to topas; Ta button to launch topas; run in topas with red arrow                           
'--------------------------------------------------------------                           
r_wp  4.0952992 r_exp  2.09185803 r_p  2.7658124 r_wp_dash  15.7518188 r_p_dash  21.4611109 r_exp_dash  8.04594902 weighted_Durbin_Watson  0.599716821 gof  1.95773286
                           
'--------------------------------------------------------------                           
'General information about refinement here                           
'Remove commented lines as required                           
'--------------------------------------------------------------                           
iters 100000                           
chi2_convergence_criteria 0.001                           
do_errors                           
                           
'--------------------------------------------------------------                           
'Information on datafile etc here                            
'Check that default weighting is appropriate for your data                           
'--------------------------------------------------------------                           
xdd FeSb_19RBM.xy                           
	'x_calculation_step = Yobs_dx_at(Xo); convolution_step 4                           
	'bkg @  395.803164_0.867225512 -418.451282_1.6852908  375.515652_1.64463284 -309.00503_1.61842928  260.059016_1.58454057 -230.721485_1.56315161  207.774575_1.52807036 -186.390623_1.50532881  170.265089_1.47029027 -157.033077_1.44663885  152.571537_1.41107276 -141.203648_1.38634927  133.672937_1.34551813 -122.354469_1.32203856  110.663962_1.28358951 -102.788405_1.26220765  92.5761665_1.21424936 -82.9053391_1.18676266  73.2032783_1.14218972 -63.0158761_1.11940076  57.7253909_1.06835958      
	'-49.830968_1.0406981  45.0809381_0.983780547 -39.7227437_0.96175951  33.6326227_0.90153864 -32.0984931_0.875533856  25.101964_0.80161038 -22.5663963_0.771141649  17.9538663_0.677788544 -13.3752366_0.644011779  9.90576815_0.510017113 -5.86391254_0.484918322      
	               
	x_calculation_step = 0.001; convolution_step 4       
	bkg @  2102.92902`_2.35840407 -227.446875`_4.22313644  272.202601`_3.70017916
	-140.984`_3.63200576  76.7127387`_3.34458487 -33.763932`_3.31655937
	 19.4658443`_3.05832597  1.29712362`_3.04040488 -4.86413774`_2.57570456  11.8881155`_2.57813458
   
	      
	start_X 29      
	Simple_Axial_Model(!axial, 10)                          
			                                     
		lam                                
			ymin_on_ymax 0.0001                                    
      la 0.653817 lo 1.540596  lh 0.05 '0.501844                                     
      la 0.346183 lo 1.544493  lh 0.06 '0.626579                                     
		                                    
                                      
	LP_Factor(90)                                   
	'Zero_Error(@,-0.0501526072_0.00328301905)                     
	Specimen_Displacement(displ, 0.01592`_0.00114)                                
	                     
                
  
                   
	str                    
  phase_name "FeSb"                         
	 a lpa1   4.113838`_0.000067 'lpa1   
	 b lpa1   4.113838`_0.000067 'lpa1   
	 c lpc1   5.157225`_0.000102 'lpc1   
	 al 90.                          
	 be 90.                          
	 ga 120.                         
	 volume  75.586`_0.003  
	 space_group 194                    
	 site Fe1    x 0             y 0             z 0             occ Fe 1 beq  total_beq  1.12307`_0.03423
	 site Fe2    x =1/3;         y =2/3;         z 0.75          occ Fe @  0.27786`_0.00359 beq total_beq  1.12307`_0.03423
	 site Sb1    x  =1/3;        y  =2/3;        z 0.25          occ Sb 1 beq total_beq  1.12307`_0.03423
	 weight_percent  100.000`_0.000            
	 scale @  0.00509187542`_2.941e-005
	 r_bragg  5.50139786   
		                     
                     
	                         
		                     
      CS_L(@, 133.10121`_1.80108)                                    
		'CS_G(@, 9999.99561_2240648.54_LIMIT_MIN_0.3)                                    
		'Strain_L(@, 0.000100000004_0.0130163823_LIMIT_MIN_0.0001)                                     
		Strain_G(@, 0.15735`_0.00251)                                    
                                           
		                     
		Phase_Density_g_on_cm3( 8.48536`_0.00881)           
		
Out_X_Yobs_Ycalc("output.txt")
   
                
C_matrix_normalized
{
                             1   2   3   4   5   6   7   8   9  10  11  12  13  14  15  16  17  18
bkg21305808            1:  100  -2  73  -2  58   3  47  11  32  14   3  -1  -5  -1   9  22  25  10
bkg21301456            2:   -2 100  -4  73  -1  60   5  47  11  28   4  -3  -5  31  -3  34 -17 -15
bkg21299920            3:   73  -4 100  -4  70   0  53   7  35   9   3  -2  -6   2  10  14  14   6
bkg21306064            4:   -2  73  -4 100  -3  69   3  51   7  34   5  -3  -6  15 -11  18  -8  -8
bkg21301968            5:   58  -1  70  -3 100  -0  63   4  42   6   3  -2  -5   4  10  16  11   4
bkg21306320            6:    3  60   0  69  -0 100   2  64   5  39   5  -3  -6  19  -2  24  -8  -8
bkg21306832            7:   47   5  53   3  63   2 100   5  55   7   2  -2  -4   7   5  21  11   3
bkg21307344            8:   11  47   7  51   4  64   5 100   7  53   4  -2  -4  18   4  28  -1  -5
bkg21299664            9:   32  11  35   7  42   5  55   7 100   5   1  -0  -2  15   1  25   1  -4
bkg21300176           10:   14  28   9  34   6  39   7  53   5 100   2  -1  -3  -0  -3  13  13   5
displ                 11:    3   4   3   5   3   5   2   4   1   2 100 -86 -66  -1   0  -1   2  10
lpa1                  12:   -1  -3  -2  -3  -2  -3  -2  -2  -0  -1 -86 100  40   1  -1   1  -0 -10
lpc1                  13:   -5  -5  -6  -6  -5  -6  -4  -4  -2  -3 -66  40 100   2   0   2  -3  -9
scale20174752_        14:   -1  31   2  15   4  19   7  18  15  -0  -1   1   2 100  28  82 -37 -30
occ23513376_          15:    9  -3  10 -11  10  -2   5   4   1  -3   0  -1   0  28 100  31   4   2
total_beq             16:   22  34  14  18  16  24  21  28  25  13  -1   1   2  82  31 100 -10 -19
m68c3fb61_0           17:   25 -17  14  -8  11  -8  11  -1   1  13   2  -0  -3 -37   4 -10 100  71
m68c3fb61_1           18:   10 -15   6  -8   4  -8   3  -5  -4   5  10 -10  -9 -30   2 -19  71 100
}                     
